Feature: Card Decline

  @tag1
  Scenario Outline: Verify Error Message For Invalid Card Data                                                                                      # src/test/resource/features/testcases.feature:4
    Given I am logged in to the application with <username> and <password>
    And I make a booking from <source> to <destination> on <date> for <no_adults> adults , <no_teen> teen , <no_child> child and <no_infant> infant
    When I pay for booking with card details <card_number> , <card_exp> and <card_cvv>
    Then I should get payment declined message

    Examples: 
Finished scenario

  @tag1
  Scenario Outline: Verify Error Message For Invalid Card Data                                            # src/test/resource/features/testcases.feature:12
    Given I am logged in to the application with testkiprosh@gmail.com and Test@123                       # TestStepDefination.I_am_logged_into_application(String,String)
    And I make a booking from Madrid to Dublin on 18/10/2018 for 1 adults , 1 teen , 0 child and 0 infant # TestStepDefination.i_want_to_write_a_step_with_precondition(String,String,String,String,String,String,String)
      org.openqa.selenium.TimeoutException: Expected condition failed: waiting for presence of element located by: By.xpath: //div[@id='ngdialog2']//div[contains(@class,'seat-map-prompt')]//button (tried for 60 second(s) with 500 milliseconds interval)
      	at org.openqa.selenium.support.ui.WebDriverWait.timeoutException(WebDriverWait.java:113)
      	at org.openqa.selenium.support.ui.FluentWait.until(FluentWait.java:283)
      	at com.mytest.automation_ryanair.Pages.Page.WaitForElementToBeVisible(Page.java:41)
      	at com.mytest.automation_ryanair.Pages.Page.GetWebElement(Page.java:36)
      	at com.mytest.automation_ryanair.Pages.Page.WaitForClickable(Page.java:207)
      	at com.mytest.automation_ryanair.PageFunctions.FlightSelectionPageFunctions.SeatSelectionProcess(FlightSelectionPageFunctions.java:28)
      	at com.mytest.automation_ryanair.myStepDefination.TestStepDefination.i_want_to_write_a_step_with_precondition(TestStepDefination.java:34)
      	at âœ½.And I make a booking from Madrid to Dublin on 18/10/2018 for 1 adults , 1 teen , 0 child and 0 infant(src/test/resource/features/testcases.feature:6)
      Caused by: org.openqa.selenium.NoSuchElementException: Cannot locate an element using By.xpath: //div[@id='ngdialog2']//div[contains(@class,'seat-map-prompt')]//button
      For documentation on this error, please visit: http://seleniumhq.org/exceptions/no_such_element.html
      Build info: version: '3.14.0', revision: 'aacccce0', time: '2018-08-02T20:19:58.91Z'
      System info: host: 'sudhirkumarsMBP.home', ip: 'fe80:0:0:0:4fe:9fde:50dc:9d6e%en0', os.name: 'Mac OS X', os.arch: 'x86_64', os.version: '10.13.4', java.version: '1.8.0_101'
      Driver info: driver.version: unknown
      	at org.openqa.selenium.support.ui.ExpectedConditions.lambda$findElement$0(ExpectedConditions.java:896)
      	at java.util.Optional.orElseThrow(Optional.java:290)
      	at org.openqa.selenium.support.ui.ExpectedConditions.findElement(ExpectedConditions.java:895)
      	at org.openqa.selenium.support.ui.ExpectedConditions.access$000(ExpectedConditions.java:44)
      	at org.openqa.selenium.support.ui.ExpectedConditions$6.apply(ExpectedConditions.java:183)
      	at org.openqa.selenium.support.ui.ExpectedConditions$6.apply(ExpectedConditions.java:180)
      	at org.openqa.selenium.support.ui.FluentWait.until(FluentWait.java:260)
      	at com.mytest.automation_ryanair.Pages.Page.WaitForElementToBeVisible(Page.java:41)
      	at com.mytest.automation_ryanair.Pages.Page.GetWebElement(Page.java:36)
      	at com.mytest.automation_ryanair.Pages.Page.WaitForClickable(Page.java:207)
      	at com.mytest.automation_ryanair.PageFunctions.FlightSelectionPageFunctions.SeatSelectionProcess(FlightSelectionPageFunctions.java:28)
      	at com.mytest.automation_ryanair.myStepDefination.TestStepDefination.i_want_to_write_a_step_with_precondition(TestStepDefination.java:34)
      	at sun.reflect.NativeMethodAccessorImpl.invoke0(Native Method)
      	at sun.reflect.NativeMethodAccessorImpl.invoke(NativeMethodAccessorImpl.java:62)
      	at sun.reflect.DelegatingMethodAccessorImpl.invoke(DelegatingMethodAccessorImpl.java:43)
      	at java.lang.reflect.Method.invoke(Method.java:498)
      	at cucumber.runtime.Utils$1.call(Utils.java:40)
      	at cucumber.runtime.Timeout.timeout(Timeout.java:16)
      	at cucumber.runtime.Utils.invoke(Utils.java:34)
      	at cucumber.runtime.java.JavaStepDefinition.execute(JavaStepDefinition.java:38)
      	at cucumber.runtime.StepDefinitionMatch.runStep(StepDefinitionMatch.java:37)
      	at cucumber.runtime.Runtime.runStep(Runtime.java:300)
      	at cucumber.runtime.model.StepContainer.runStep(StepContainer.java:44)
      	at cucumber.runtime.model.StepContainer.runSteps(StepContainer.java:39)
      	at cucumber.runtime.model.CucumberScenario.run(CucumberScenario.java:44)
      	at cucumber.runtime.junit.ExecutionUnitRunner.run(ExecutionUnitRunner.java:102)
      	at org.junit.runners.Suite.runChild(Suite.java:128)
      	at org.junit.runners.Suite.runChild(Suite.java:27)
      	at org.junit.runners.ParentRunner$3.run(ParentRunner.java:290)
      	at org.junit.runners.ParentRunner$1.schedule(ParentRunner.java:71)
      	at org.junit.runners.ParentRunner.runChildren(ParentRunner.java:288)
      	at org.junit.runners.ParentRunner.access$000(ParentRunner.java:58)
      	at org.junit.runners.ParentRunner$2.evaluate(ParentRunner.java:268)
      	at org.junit.runners.ParentRunner.run(ParentRunner.java:363)
      	at cucumber.runtime.junit.ExamplesRunner.run(ExamplesRunner.java:59)
      	at org.junit.runners.Suite.runChild(Suite.java:128)
      	at org.junit.runners.Suite.runChild(Suite.java:27)
      	at org.junit.runners.ParentRunner$3.run(ParentRunner.java:290)
      	at org.junit.runners.ParentRunner$1.schedule(ParentRunner.java:71)
      	at org.junit.runners.ParentRunner.runChildren(ParentRunner.java:288)
      	at org.junit.runners.ParentRunner.access$000(ParentRunner.java:58)
      	at org.junit.runners.ParentRunner$2.evaluate(ParentRunner.java:268)
      	at org.junit.runners.ParentRunner.run(ParentRunner.java:363)
      	at cucumber.runtime.junit.ScenarioOutlineRunner.run(ScenarioOutlineRunner.java:53)
      	at cucumber.runtime.junit.FeatureRunner.runChild(FeatureRunner.java:63)
      	at cucumber.runtime.junit.FeatureRunner.runChild(FeatureRunner.java:18)
      	at org.junit.runners.ParentRunner$3.run(ParentRunner.java:290)
      	at org.junit.runners.ParentRunner$1.schedule(ParentRunner.java:71)
      	at org.junit.runners.ParentRunner.runChildren(ParentRunner.java:288)
      	at org.junit.runners.ParentRunner.access$000(ParentRunner.java:58)
      	at org.junit.runners.ParentRunner$2.evaluate(ParentRunner.java:268)
      	at org.junit.runners.ParentRunner.run(ParentRunner.java:363)
      	at cucumber.runtime.junit.FeatureRunner.run(FeatureRunner.java:70)
      	at cucumber.api.junit.Cucumber.runChild(Cucumber.java:95)
      	at cucumber.api.junit.Cucumber.runChild(Cucumber.java:38)
      	at org.junit.runners.ParentRunner$3.run(ParentRunner.java:290)
      	at org.junit.runners.ParentRunner$1.schedule(ParentRunner.java:71)
      	at org.junit.runners.ParentRunner.runChildren(ParentRunner.java:288)
      	at org.junit.runners.ParentRunner.access$000(ParentRunner.java:58)
      	at org.junit.runners.ParentRunner$2.evaluate(ParentRunner.java:268)
      	at org.junit.runners.ParentRunner.run(ParentRunner.java:363)
      	at cucumber.api.junit.Cucumber.run(Cucumber.java:100)
      	at org.eclipse.jdt.internal.junit4.runner.JUnit4TestReference.run(JUnit4TestReference.java:86)
      	at org.eclipse.jdt.internal.junit.runner.TestExecution.run(TestExecution.java:38)
      	at org.eclipse.jdt.internal.junit.runner.RemoteTestRunner.runTests(RemoteTestRunner.java:538)
      	at org.eclipse.jdt.internal.junit.runner.RemoteTestRunner.runTests(RemoteTestRunner.java:760)
      	at org.eclipse.jdt.internal.junit.runner.RemoteTestRunner.run(RemoteTestRunner.java:460)
      	at org.eclipse.jdt.internal.junit.runner.RemoteTestRunner.main(RemoteTestRunner.java:206)

    When I pay for booking with card details 5555 5555 5555 5557 , 1018 and 265                           # TestStepDefination.i_pay_for_booking_with_card_details_ww_ww_and_ww(String,String,String)
    Then I should get payment declined message                                                            # TestStepDefination.some_other_action()
